# JRE version: OpenJDK Runtime Environment Temurin-17.0.12+7 (17.0.12+7) (build 17.0.12+7)
# Java VM: OpenJDK 64-Bit Server VM Temurin-17.0.12+7 (17.0.12+7, mixed mode, emulated-client, tiered, compressed oops, compressed class ptrs, g1 gc, windows-amd64)
GC Precious Log:
 CPUs: 8 total, 8 available
 Memory: 8023M
 Large Page Support: Disabled
 NUMA Support: Disabled
 Compressed Oops: Enabled (32-bit)
 Heap Region Size: 1M
 Heap Min Capacity: 8M
 Heap Initial Capacity: 126M
 Heap Max Capacity: 1G
 Pre-touch: Disabled
 Parallel Workers: 8
 Concurrent Workers: 2
 Concurrent Refinement Workers: 8
 Periodic GC: Disabled
Heap:
 garbage-first heap   total 104448K, used 40163K [0x00000000c0000000, 0x0000000100000000)
  region size 1024K, 1 young (1024K), 0 survivors (0K)
 Metaspace       used 62722K, committed 63168K, reserved 1114112K
  class space    used 7935K, committed 8128K, reserved 1048576K
GC Heap History (20 events):
Event: 78404.273 GC heap after
{Heap after GC invocations=6860 (full 6765):
 garbage-first heap   total 104448K, used 40162K [0x00000000c0000000, 0x0000000100000000)
  region size 1024K, 0 young (0K), 0 survivors (0K)
 Metaspace       used 62722K, committed 63168K, reserved 1114112K
  class space    used 7935K, committed 8128K, reserved 1048576K
}
Event: 78414.726 GC heap before
{Heap before GC invocations=6860 (full 6765):
 garbage-first heap   total 104448K, used 40162K [0x00000000c0000000, 0x0000000100000000)
  region size 1024K, 1 young (1024K), 0 survivors (0K)
 Metaspace       used 62722K, committed 63168K, reserved 1114112K
  class space    used 7935K, committed 8128K, reserved 1048576K
}
Event: 78414.810 GC heap after
{Heap after GC invocations=6861 (full 6766):
 garbage-first heap   total 104448K, used 40162K [0x00000000c0000000, 0x0000000100000000)
  region size 1024K, 0 young (0K), 0 survivors (0K)
 Metaspace       used 62722K, committed 63168K, reserved 1114112K
  class space    used 7935K, committed 8128K, reserved 1048576K
}
Event: 78425.701 GC heap before
{Heap before GC invocations=6861 (full 6766):
 garbage-first heap   total 104448K, used 40162K [0x00000000c0000000, 0x0000000100000000)
  region size 1024K, 1 young (1024K), 0 survivors (0K)
 Metaspace       used 62722K, committed 63168K, reserved 1114112K
  class space    used 7935K, committed 8128K, reserved 1048576K
}
Event: 78425.847 GC heap after
{Heap after GC invocations=6862 (full 6767):
 garbage-first heap   total 104448K, used 40162K [0x00000000c0000000, 0x0000000100000000)
  region size 1024K, 0 young (0K), 0 survivors (0K)
 Metaspace       used 62722K, committed 63168K, reserved 1114112K
  class space    used 7935K, committed 8128K, reserved 1048576K
}
Event: 78446.263 GC heap before
{Heap before GC invocations=6862 (full 6767):
 garbage-first heap   total 104448K, used 40162K [0x00000000c0000000, 0x0000000100000000)
  region size 1024K, 1 young (1024K), 0 survivors (0K)
 Metaspace       used 62722K, committed 63168K, reserved 1114112K
  class space    used 7935K, committed 8128K, reserved 1048576K
}
Event: 78446.368 GC heap after
{Heap after GC invocations=6863 (full 6768):
 garbage-first heap   total 104448K, used 40163K [0x00000000c0000000, 0x0000000100000000)
  region size 1024K, 0 young (0K), 0 survivors (0K)
 Metaspace       used 62722K, committed 63168K, reserved 1114112K
  class space    used 7935K, committed 8128K, reserved 1048576K
}
Event: 78456.524 GC heap before
{Heap before GC invocations=6863 (full 6768):
 garbage-first heap   total 104448K, used 40163K [0x00000000c0000000, 0x0000000100000000)
  region size 1024K, 1 young (1024K), 0 survivors (0K)
 Metaspace       used 62722K, committed 63168K, reserved 1114112K
  class space    used 7935K, committed 8128K, reserved 1048576K
}
Event: 78456.571 GC heap after
{Heap after GC invocations=6864 (full 6769):
 garbage-first heap   total 104448K, used 40163K [0x00000000c0000000, 0x0000000100000000)
  region size 1024K, 0 young (0K), 0 survivors (0K)
 Metaspace       used 62722K, committed 63168K, reserved 1114112K
  class space    used 7935K, committed 8128K, reserved 1048576K
}
Event: 78466.758 GC heap before
{Heap before GC invocations=6864 (full 6769):
 garbage-first heap   total 104448K, used 40163K [0x00000000c0000000, 0x0000000100000000)
  region size 1024K, 1 young (1024K), 0 survivors (0K)
 Metaspace       used 62722K, committed 63168K, reserved 1114112K
  class space    used 7935K, committed 8128K, reserved 1048576K
}
Event: 78466.798 GC heap after
{Heap after GC invocations=6865 (full 6770):
 garbage-first heap   total 104448K, used 40163K [0x00000000c0000000, 0x0000000100000000)
  region size 1024K, 0 young (0K), 0 survivors (0K)
 Metaspace       used 62722K, committed 63168K, reserved 1114112K
  class space    used 7935K, committed 8128K, reserved 1048576K
}
Event: 78477.466 GC heap before
{Heap before GC invocations=6865 (full 6770):
 garbage-first heap   total 104448K, used 40163K [0x00000000c0000000, 0x0000000100000000)
  region size 1024K, 1 young (1024K), 0 survivors (0K)
 Metaspace       used 62722K, committed 63168K, reserved 1114112K
  class space    used 7935K, committed 8128K, reserved 1048576K
}
Event: 78477.580 GC heap after
{Heap after GC invocations=6866 (full 6771):
 garbage-first heap   total 104448K, used 40163K [0x00000000c0000000, 0x0000000100000000)
  region size 1024K, 0 young (0K), 0 survivors (0K)
 Metaspace       used 62722K, committed 63168K, reserved 1114112K
  class space    used 7935K, committed 8128K, reserved 1048576K
}
Event: 78488.259 GC heap before
{Heap before GC invocations=6866 (full 6771):
 garbage-first heap   total 104448K, used 40163K [0x00000000c0000000, 0x0000000100000000)
  region size 1024K, 1 young (1024K), 0 survivors (0K)
 Metaspace       used 62722K, committed 63168K, reserved 1114112K
  class space    used 7935K, committed 8128K, reserved 1048576K
}
Event: 78488.380 GC heap after
{Heap after GC invocations=6867 (full 6772):
 garbage-first heap   total 104448K, used 40163K [0x00000000c0000000, 0x0000000100000000)
  region size 1024K, 0 young (0K), 0 survivors (0K)
 Metaspace       used 62722K, committed 63168K, reserved 1114112K
  class space    used 7935K, committed 8128K, reserved 1048576K
}
Event: 78498.826 GC heap before
{Heap before GC invocations=6867 (full 6772):
 garbage-first heap   total 104448K, used 40163K [0x00000000c0000000, 0x0000000100000000)
  region size 1024K, 1 young (1024K), 0 survivors (0K)
 Metaspace       used 62722K, committed 63168K, reserved 1114112K
  class space    used 7935K, committed 8128K, reserved 1048576K
}
Event: 78498.901 GC heap after
{Heap after GC invocations=6868 (full 6773):
 garbage-first heap   total 104448K, used 40163K [0x00000000c0000000, 0x0000000100000000)
  region size 1024K, 0 young (0K), 0 survivors (0K)
 Metaspace       used 62722K, committed 63168K, reserved 1114112K
  class space    used 7935K, committed 8128K, reserved 1048576K
}
Event: 78514.874 GC heap before
{Heap before GC invocations=6868 (full 6773):
 garbage-first heap   total 104448K, used 40163K [0x00000000c0000000, 0x0000000100000000)
  region size 1024K, 1 young (1024K), 0 survivors (0K)
 Metaspace       used 62722K, committed 63168K, reserved 1114112K
  class space    used 7935K, committed 8128K, reserved 1048576K
}
Event: 78530.700 GC heap after
{Heap after GC invocations=6869 (full 6774):
 garbage-first heap   total 104448K, used 40163K [0x00000000c0000000, 0x0000000100000000)
  region size 1024K, 0 young (0K), 0 survivors (0K)
 Metaspace       used 62722K, committed 63168K, reserved 1114112K
  class space    used 7935K, committed 8128K, reserved 1048576K
}
Event: 78540.986 GC heap before
{Heap before GC invocations=6869 (full 6774):
 garbage-first heap   total 104448K, used 40163K [0x00000000c0000000, 0x0000000100000000)
  region size 1024K, 1 young (1024K), 0 survivors (0K)
 Metaspace       used 62722K, committed 63168K, reserved 1114112K
  class space    used 7935K, committed 8128K, reserved 1048576K
}

